<?xml version='1.0' encoding='UTF-8'?>
<testsuite hostname="raspberrypi" name="fileSearcher.MatcherTests" tests="6" errors="0" failures="0" time="1.662">
                     <properties>
[...]
</properties>
                     <testcase classname="fileSearcher.MatcherTests" name="Matcher that is passed a file matching the filter should return a list with that file name" time="0.167">
                                                 
                                               </testcase><testcase classname="fileSearcher.MatcherTests" name="Matcher using a directory containing one matching the filter should return a list with that file name" time="0.012">
                                                 
                                               </testcase><testcase classname="fileSearcher.MatcherTests" name="Matcher that is not passed a root file location should use the current location" time="0.003">
                                                 
                                               </testcase><testcase classname="fileSearcher.MatcherTests" name="Matcher with a sub folder checking matching a root location with two subtree files matching should return a list with those file names" time="0.005">
                                                 
                                               </testcase><testcase classname="fileSearcher.MatcherTests" name="Matcher given a path that has one file that matches file filter and content filter should return a list with that file name" time="1.004">
                                                 
                                               </testcase><testcase classname="fileSearcher.MatcherTests" name="Matcher given a path that has no files that matches file filter and content filter should return empty list" time="0.471">
                                                 
                                               </testcase>
                     <system-out></system-out>
                     <system-err></system-err>
                   </testsuite>